<?xml version="1.0" encoding="UTF-8"?>
<!-- Generated by org.testng.reporters.JUnitXMLReporter -->
<testsuite ignored="2" hostname="Saurabhs-MacBook-Pro.local" failures="0" tests="1" name="Homepage tests" time="1.575" errors="0" timestamp="2022-07-21T16:02:00 IST">
  <testcase classname="testcases.BaseTest" name="@BeforeMethod setup" time="1.412">
    <failure type="org.openqa.selenium.SessionNotCreatedException" message="Could not start a new session. Possible causes are invalid address of the remote server or browser start-up failure.">
      <![CDATA[org.openqa.selenium.SessionNotCreatedException: Could not start a new session. Possible causes are invalid address of the remote server or browser start-up failure.
at org.openqa.selenium.remote.RemoteWebDriver.execute(RemoteWebDriver.java:585)
at org.openqa.selenium.remote.RemoteWebDriver.startSession(RemoteWebDriver.java:248)
at org.openqa.selenium.remote.RemoteWebDriver.<init>(RemoteWebDriver.java:164)
at org.openqa.selenium.chromium.ChromiumDriver.<init>(ChromiumDriver.java:108)
at org.openqa.selenium.chrome.ChromeDriver.<init>(ChromeDriver.java:106)
at org.openqa.selenium.chrome.ChromeDriver.<init>(ChromeDriver.java:93)
at org.openqa.selenium.chrome.ChromeDriver.<init>(ChromeDriver.java:48)
at commonLibs.CommonDriver.<init>(CommonDriver.java:42)
at testcases.BaseTest.openBrowserAndNavigateToAUrl(BaseTest.java:121)
at testcases.BaseTest.setup(BaseTest.java:81)
at java.base/java.util.ArrayList.forEach(ArrayList.java:1511)
Caused by: org.openqa.selenium.WebDriverException: Driver server process died prematurely.
Build info: version: '4.1.4', revision: '535d840ee2'
System info: host: 'Saurabhs-MacBook-Pro.local', ip: 'fe80:0:0:0:79:1367:8029:b184%en0', os.name: 'Mac OS X', os.arch: 'x86_64', os.version: '11.4', java.version: '17.0.1'
Driver info: driver.version: CommonDriver
at org.openqa.selenium.remote.service.DriverService.start(DriverService.java:226)
at org.openqa.selenium.remote.service.DriverCommandExecutor.execute(DriverCommandExecutor.java:98)
at org.openqa.selenium.remote.RemoteWebDriver.execute(RemoteWebDriver.java:567)
... 41 more
... Removed 31 stack frames]]>
    </failure>
  </testcase> <!-- @BeforeMethod setup -->
  <testcase classname="testcases.BaseTest" name="@AfterMethod cleanUp" time="0.005">
    <failure type="java.lang.NullPointerException" message="Cannot invoke &amp;quot;commonLibs.CommonDriver.closeAllBrowser()&amp;quot; because &amp;quot;this.cmnDriver&amp;quot; is null">
      <![CDATA[java.lang.NullPointerException: Cannot invoke "commonLibs.CommonDriver.closeAllBrowser()" because "this.cmnDriver" is null
at testcases.BaseTest.closeBrowerInstance(BaseTest.java:146)
at testcases.BaseTest.cleanUp(BaseTest.java:103)
at java.base/java.util.ArrayList.forEach(ArrayList.java:1511)
... Removed 32 stack frames]]>
    </failure>
  </testcase> <!-- @AfterMethod cleanUp -->
  <testcase classname="testcases.TestHomepage" name="verifyHomepageText" time="0.0">
    <skipped/>
  </testcase> <!-- verifyHomepageText -->
  <testcase classname="testcases.BaseTest" name="@AfterSuite cleanupAfterSuite" time="0.0">
    <ignored/>
  </testcase> <!-- @AfterSuite cleanupAfterSuite -->
  <testcase classname="testcases.BaseTest" name="@BeforeSuite initialise" time="0.0">
    <ignored/>
  </testcase> <!-- @BeforeSuite initialise -->
</testsuite> <!-- Homepage tests -->
